<?xml version="1.0" encoding="UTF-8"?>
<testsuite xmlns:xsi="http://www.w3.org/2001/XMLSchema-instance" xsi:noNamespaceSchemaLocation="https://maven.apache.org/surefire/maven-surefire-plugin/xsd/surefire-test-report.xsd" name="example.InvokeTest" time="5.465" tests="1" errors="0" skipped="0" failures="0">
  <properties>
    <property name="java.specification.version" value="15"/>
    <property name="sun.jnu.encoding" value="UTF-8"/>
    <property name="java.class.path" value="/Volumes/dev/basis-lambda/target/test-classes:/Volumes/dev/basis-lambda/target/classes:/Volumes/dev/mvn_repository/com/amazonaws/aws-lambda-java-core/1.2.1/aws-lambda-java-core-1.2.1.jar:/Volumes/dev/mvn_repository/com/google/code/gson/gson/2.8.6/gson-2.8.6.jar:/Volumes/dev/mvn_repository/org/apache/logging/log4j/log4j-api/2.13.0/log4j-api-2.13.0.jar:/Volumes/dev/mvn_repository/org/apache/logging/log4j/log4j-core/2.13.2/log4j-core-2.13.2.jar:/Volumes/dev/mvn_repository/org/apache/logging/log4j/log4j-slf4j18-impl/2.13.0/log4j-slf4j18-impl-2.13.0.jar:/Volumes/dev/mvn_repository/org/slf4j/slf4j-api/1.8.0-alpha2/slf4j-api-1.8.0-alpha2.jar:/Volumes/dev/mvn_repository/org/junit/jupiter/junit-jupiter-api/5.6.0/junit-jupiter-api-5.6.0.jar:/Volumes/dev/mvn_repository/org/apiguardian/apiguardian-api/1.1.0/apiguardian-api-1.1.0.jar:/Volumes/dev/mvn_repository/org/opentest4j/opentest4j/1.2.0/opentest4j-1.2.0.jar:/Volumes/dev/mvn_repository/org/junit/platform/junit-platform-commons/1.6.0/junit-platform-commons-1.6.0.jar:/Volumes/dev/mvn_repository/org/junit/jupiter/junit-jupiter-engine/5.6.0/junit-jupiter-engine-5.6.0.jar:/Volumes/dev/mvn_repository/org/junit/platform/junit-platform-engine/1.6.0/junit-platform-engine-1.6.0.jar:"/>
    <property name="java.vm.vendor" value="Oracle Corporation"/>
    <property name="sun.arch.data.model" value="64"/>
    <property name="java.vendor.url" value="https://java.oracle.com/"/>
    <property name="os.name" value="Mac OS X"/>
    <property name="java.vm.specification.version" value="15"/>
    <property name="sun.java.launcher" value="SUN_STANDARD"/>
    <property name="user.country" value="US"/>
    <property name="sun.boot.library.path" value="/Volumes/dev/jdk-15.0.1/Contents/Home/lib"/>
    <property name="sun.java.command" value="/Volumes/dev/basis-lambda/target/surefire/surefirebooter214224916299197244.jar /Volumes/dev/basis-lambda/target/surefire 2021-03-07T21-54-50_038-jvmRun1 surefire16940064841873471675tmp surefire_017058856193513921571tmp"/>
    <property name="http.nonProxyHosts" value="local|*.local|169.254/16|*.169.254/16"/>
    <property name="jdk.debug" value="release"/>
    <property name="surefire.test.class.path" value="/Volumes/dev/basis-lambda/target/test-classes:/Volumes/dev/basis-lambda/target/classes:/Volumes/dev/mvn_repository/com/amazonaws/aws-lambda-java-core/1.2.1/aws-lambda-java-core-1.2.1.jar:/Volumes/dev/mvn_repository/com/google/code/gson/gson/2.8.6/gson-2.8.6.jar:/Volumes/dev/mvn_repository/org/apache/logging/log4j/log4j-api/2.13.0/log4j-api-2.13.0.jar:/Volumes/dev/mvn_repository/org/apache/logging/log4j/log4j-core/2.13.2/log4j-core-2.13.2.jar:/Volumes/dev/mvn_repository/org/apache/logging/log4j/log4j-slf4j18-impl/2.13.0/log4j-slf4j18-impl-2.13.0.jar:/Volumes/dev/mvn_repository/org/slf4j/slf4j-api/1.8.0-alpha2/slf4j-api-1.8.0-alpha2.jar:/Volumes/dev/mvn_repository/org/junit/jupiter/junit-jupiter-api/5.6.0/junit-jupiter-api-5.6.0.jar:/Volumes/dev/mvn_repository/org/apiguardian/apiguardian-api/1.1.0/apiguardian-api-1.1.0.jar:/Volumes/dev/mvn_repository/org/opentest4j/opentest4j/1.2.0/opentest4j-1.2.0.jar:/Volumes/dev/mvn_repository/org/junit/platform/junit-platform-commons/1.6.0/junit-platform-commons-1.6.0.jar:/Volumes/dev/mvn_repository/org/junit/jupiter/junit-jupiter-engine/5.6.0/junit-jupiter-engine-5.6.0.jar:/Volumes/dev/mvn_repository/org/junit/platform/junit-platform-engine/1.6.0/junit-platform-engine-1.6.0.jar:"/>
    <property name="sun.cpu.endian" value="little"/>
    <property name="user.home" value="/Users/wsdevx"/>
    <property name="user.language" value="en"/>
    <property name="java.specification.vendor" value="Oracle Corporation"/>
    <property name="java.version.date" value="2020-10-20"/>
    <property name="java.home" value="/Volumes/dev/jdk-15.0.1/Contents/Home"/>
    <property name="file.separator" value="/"/>
    <property name="basedir" value="/Volumes/dev/basis-lambda"/>
    <property name="java.vm.compressedOopsMode" value="Zero based"/>
    <property name="line.separator" value="&#10;"/>
    <property name="java.specification.name" value="Java Platform API Specification"/>
    <property name="java.vm.specification.vendor" value="Oracle Corporation"/>
    <property name="surefire.real.class.path" value="/Volumes/dev/basis-lambda/target/surefire/surefirebooter214224916299197244.jar"/>
    <property name="sun.management.compiler" value="HotSpot 64-Bit Tiered Compilers"/>
    <property name="ftp.nonProxyHosts" value="local|*.local|169.254/16|*.169.254/16"/>
    <property name="java.runtime.version" value="15.0.1+9-18"/>
    <property name="user.name" value="wsdevx"/>
    <property name="path.separator" value=":"/>
    <property name="os.version" value="10.16"/>
    <property name="java.runtime.name" value="OpenJDK Runtime Environment"/>
    <property name="file.encoding" value="UTF-8"/>
    <property name="java.vm.name" value="OpenJDK 64-Bit Server VM"/>
    <property name="localRepository" value="/Volumes/dev/mvn_repository"/>
    <property name="java.vendor.url.bug" value="https://bugreport.java.com/bugreport/"/>
    <property name="java.io.tmpdir" value="/var/folders/7t/gxh_j1px39db8fmxs0h1r4d40000gp/T/"/>
    <property name="java.version" value="15.0.1"/>
    <property name="user.dir" value="/Volumes/dev/basis-lambda"/>
    <property name="os.arch" value="x86_64"/>
    <property name="java.vm.specification.name" value="Java Virtual Machine Specification"/>
    <property name="java.library.path" value="/Users/wsdevx/Library/Java/Extensions:/Library/Java/Extensions:/Network/Library/Java/Extensions:/System/Library/Java/Extensions:/usr/lib/java:."/>
    <property name="java.vm.info" value="mixed mode, sharing"/>
    <property name="java.vendor" value="Oracle Corporation"/>
    <property name="java.vm.version" value="15.0.1+9-18"/>
    <property name="sun.io.unicode.encoding" value="UnicodeBig"/>
    <property name="socksNonProxyHosts" value="local|*.local|169.254/16|*.169.254/16"/>
    <property name="java.class.version" value="59.0"/>
  </properties>
  <testcase name="invokeTest" classname="example.InvokeTest" time="0.061"/>
</testsuite>